3 10
4 7
5 6
6 4
7 4
8 5
9 2
10 1
11 3
12 3
13 5
14 3
15 5
16 1
17 2
18 3
19 2
20 1
21 2
23 4
26 2
27 2
30 1
31 1
32 2
33 1
37 1
41 1
42 2
43 1
45 2
46 1
48 1
49 1
52 1
57 1
61 1
67 2
68 1
74 1
82 1
85 1
88 2
89 1
91 1
96 1
107 1
112 1
118 1
120 1
122 1
135 1
136 2
143 1
147 1
148 1
168 1
181 1
184 1
194 1
223 1
235 1
267 1
275 1
295 1
312 1
314 1
339 1
342 1
343 1
368 1
371 1
402 1
409 1
454 1
515 1
538 1
615 1
665 1
713 1
